<?xml version="1.0" encoding="UTF-8"?>
<!-- Generated by org.testng.reporters.JUnitXMLReporter -->
<testsuite ignored="0" hostname="DESKTOP-EIC3NR5" failures="1" tests="11" name="Run on IE" time="191.992" errors="0" timestamp="28 Oct 2021 15:43:46 GMT">
  <testcase classname="com.hrm.employee.Level_16_Live_Coding" name="Employee_01_Add_New_Employee" time="31.626"/>
  <testcase classname="com.hrm.employee.Level_16_Live_Coding" name="Employee_02_Upload_Avatar" time="24.268"/>
  <testcase classname="com.hrm.employee.Level_16_Live_Coding" name="Employee_03_Personal_Details" time="72.699">
    <failure type="org.openqa.selenium.TimeoutException" message="Expected condition failed: waiting for visibility of element located by By.xpath: //input[@id=&amp;apos;personal_txtEmpLastName&amp;apos;] (tried for 30 second(s) with 500 milliseconds interval)">
      <![CDATA[org.openqa.selenium.TimeoutException: Expected condition failed: waiting for visibility of element located by By.xpath: //input[@id='personal_txtEmpLastName'] (tried for 30 second(s) with 500 milliseconds interval)
at org.openqa.selenium.support.ui.WebDriverWait.timeoutException(WebDriverWait.java:95)
at org.openqa.selenium.support.ui.FluentWait.until(FluentWait.java:272)
at commons.BasePage.waitForElementVisible(BasePage.java:526)
at commons.BasePage.enterToTextboxByID(BasePage.java:643)
at com.hrm.employee.Level_16_Live_Coding.Employee_03_Personal_Details(Level_16_Live_Coding.java:172)
Caused by: org.openqa.selenium.NoSuchElementException: Unable to find element with xpath == //input[@id='personal_txtEmpLastName']
For documentation on this error, please visit: https://www.seleniumhq.org/exceptions/no_such_element.html
Build info: version: '3.141.59', revision: 'e82be7d358', time: '2018-11-14T08:17:03'
System info: host: 'DESKTOP-EIC3NR5', ip: '192.168.1.6', os.name: 'Windows 10', os.arch: 'amd64', os.version: '10.0', java.version: '15.0.2'
Driver info: org.openqa.selenium.ie.InternetExplorerDriver
Capabilities {acceptInsecureCerts: false, browserName: internet explorer, browserVersion: 11, javascriptEnabled: true, pageLoadStrategy: normal, platform: WINDOWS, platformName: WINDOWS, proxy: Proxy(), se:ieOptions: {browserAttachTimeout: 0, elementScrollBehavior: 0, enablePersistentHover: true, ie.browserCommandLineSwitches: , ie.ensureCleanSession: false, ie.fileUploadDialogTimeout: 3000, ie.forceCreateProcessApi: false, ignoreProtectedModeSettings: false, ignoreZoomSetting: false, initialBrowserUrl: http://localhost:10035/, nativeEvents: true, requireWindowFocus: false}, setWindowRect: true, strictFileInteractability: false, timeouts: {implicit: 0, pageLoad: 300000, script: 30000}, unhandledPromptBehavior: dismiss and notify}
Session ID: 963b67f2-bf54-4485-b5dc-7ccee3d1bd50
*** Element info: {Using=xpath, value=//input[@id='personal_txtEmpLastName']}
at org.openqa.selenium.remote.http.W3CHttpResponseCodec.createException(W3CHttpResponseCodec.java:187)
at org.openqa.selenium.remote.http.W3CHttpResponseCodec.decode(W3CHttpResponseCodec.java:122)
at org.openqa.selenium.remote.http.W3CHttpResponseCodec.decode(W3CHttpResponseCodec.java:49)
at org.openqa.selenium.remote.HttpCommandExecutor.execute(HttpCommandExecutor.java:158)
at org.openqa.selenium.remote.service.DriverCommandExecutor.execute(DriverCommandExecutor.java:83)
at org.openqa.selenium.remote.RemoteWebDriver.execute(RemoteWebDriver.java:552)
at org.openqa.selenium.remote.RemoteWebDriver.findElement(RemoteWebDriver.java:323)
at org.openqa.selenium.remote.RemoteWebDriver.findElementByXPath(RemoteWebDriver.java:428)
at org.openqa.selenium.By$ByXPath.findElement(By.java:353)
at org.openqa.selenium.remote.RemoteWebDriver.findElement(RemoteWebDriver.java:315)
at org.openqa.selenium.support.ui.ExpectedConditions$7.apply(ExpectedConditions.java:205)
at org.openqa.selenium.support.ui.ExpectedConditions$7.apply(ExpectedConditions.java:201)
at org.openqa.selenium.support.ui.FluentWait.until(FluentWait.java:249)
... 28 more
... Removed 30 stack frames]]>
    </failure>
  </testcase> <!-- Employee_03_Personal_Details -->
  <testcase classname="com.hrm.employee.Level_16_Live_Coding" name="Employee_04_Contact_Details" time="0.008"/>
  <testcase classname="com.hrm.employee.Level_16_Live_Coding" name="Employee_05_Emergency_Details" time="0.018"/>
  <testcase classname="com.hrm.employee.Level_16_Live_Coding" name="Employee_06_Assigned_Dependents" time="0.014"/>
  <testcase classname="com.hrm.employee.Level_16_Live_Coding" name="Employee_07_Edit_View_Job" time="0.022"/>
  <testcase classname="com.hrm.employee.Level_16_Live_Coding" name="Employee_08_Edit_View_Salary" time="0.004"/>
  <testcase classname="com.hrm.employee.Level_16_Live_Coding" name="Employee_09_Edit_View_Tax" time="0.008"/>
  <testcase classname="com.hrm.employee.Level_16_Live_Coding" name="Employee_10_Qualifications" time="0.009"/>
  <testcase classname="com.hrm.employee.Level_16_Live_Coding" name="Employee_11_Search_Employee" time="0.003"/>
</testsuite> <!-- Run on IE -->
